<?xml version="1.0" encoding="utf-8"?><testsuites><testsuite name="pytest" errors="0" failures="0" skipped="0" tests="41" time="21.184" timestamp="2026-08-14T10:03:21.537812" hostname="huan-c4140-server-3"><testcase classname="tests.test_bounded_source_ledger" name="test_affine_lift_exact_fraction_containment_asymmetric" time="0.001" /><testcase classname="tests.test_bounded_source_ledger" name="test_affine_source_survives_two_linear_consumers_exactly" time="0.002" /><testcase classname="tests.test_bounded_source_ledger" name="test_shared_source_cancellation_and_legacy_rebox_excess" time="0.002" /><testcase classname="tests.test_bounded_source_ledger" name="test_x_squared_y_uses_one_source_and_merges_paths" time="0.002" /><testcase classname="tests.test_bounded_source_ledger" name="test_ordinary_structured_products_and_asymmetric_remainder_contain_corners" time="0.002" /><testcase classname="tests.test_bounded_source_ledger" name="test_degree4_truncation_integration_and_cutoff_have_distinct_owners" time="0.017" /><testcase classname="tests.test_bounded_source_ledger" name="test_duplicate_exponent_merge_and_tau_substitution" time="0.001" /><testcase classname="tests.test_bounded_source_ledger" name="test_source_retire_collapse_contains_exact_polynomial_range" time="0.002" /><testcase classname="tests.test_bounded_source_ledger" name="test_retry_is_atomic_and_state_hash_unchanged" time="0.000" /><testcase classname="tests.test_bounded_source_ledger" name="test_batch_lift_permutation_equivariance[1]" time="0.001" /><testcase classname="tests.test_bounded_source_ledger" name="test_batch_lift_permutation_equivariance[8]" time="0.001" /><testcase classname="tests.test_bounded_source_ledger" name="test_batch_lift_permutation_equivariance[64]" time="0.001" /><testcase classname="tests.test_bounded_source_ledger" name="test_cpu_cuda_lift_decision_parity" time="0.258" /><testcase classname="tests.test_bounded_source_ledger" name="test_actual_dense_picard_consumes_shared_source" time="0.036" /><testcase classname="tests.test_bounded_source_ledger" name="test_payload_tamper_changes_consumer_but_metadata_tamper_does_not" time="0.001" /><testcase classname="tests.test_bounded_source_ledger" name="test_exact_decimal_initialization_is_consumed_by_dense_picard" time="0.005" /><testcase classname="tests.test_bounded_source_ledger" name="test_production_bridge_source_payload_is_next_actual_picard_input" time="0.612" /><testcase classname="tests.test_bounded_source_ledger" name="test_bounded_source_terminal_checkpoint_v3_roundtrip" time="0.201" /><testcase classname="tests.test_step1_stage_oracle_audit" name="test_binary_runtime_initial_tms_fail_exact_rational_containment" time="0.000" /><testcase classname="tests.test_step1_stage_oracle_audit" name="test_exact_decimal_torch_initialization_contains_exact_box" time="0.001" /><testcase classname="tests.test_step1_stage_oracle_audit" name="test_exact_decimal_compensation_is_consumed_by_actual_dense_picard_input" time="0.219" /><testcase classname="tests.test_step1_stage_oracle_audit" name="test_exact_decimal_initialization_rejects_pre_rounded_float_inputs" time="0.000" /><testcase classname="tests.test_step1_stage_oracle_audit" name="test_formal_true_solution_is_inside_both_published_step1_boxes" time="14.128" /><testcase classname="tests.test_step1_stage_oracle_audit" name="test_stage_schema_rejects_missing_duplicate_unknown_and_wrong_dimension[missing-misses]" time="0.001" /><testcase classname="tests.test_step1_stage_oracle_audit" name="test_stage_schema_rejects_missing_duplicate_unknown_and_wrong_dimension[duplicate-duplicate or non-sequential]" time="0.001" /><testcase classname="tests.test_step1_stage_oracle_audit" name="test_stage_schema_rejects_missing_duplicate_unknown_and_wrong_dimension[unknown-unknown classification]" time="0.001" /><testcase classname="tests.test_step1_stage_oracle_audit" name="test_stage_schema_rejects_missing_duplicate_unknown_and_wrong_dimension[wrong_dimension-wrong canonical polynomial dimension]" time="0.001" /><testcase classname="tests.test_step1_stage_oracle_audit" name="test_torch_production_picard_observer_is_read_only" time="0.211" /><testcase classname="tests.test_terminal_checkpoint_v2" name="test_active_s1_uses_v2_and_roundtrips_every_tensor_bit_exactly" time="1.335" /><testcase classname="tests.test_terminal_checkpoint_v2" name="test_v2_semantic_corruption_fails_closed[&lt;lambda&gt;-missing its required S1]" time="0.378" /><testcase classname="tests.test_terminal_checkpoint_v2" name="test_v2_semantic_corruption_fails_closed[&lt;lambda&gt;-field is missing: j_hi]" time="0.364" /><testcase classname="tests.test_terminal_checkpoint_v2" name="test_v2_semantic_corruption_fails_closed[&lt;lambda&gt;-K mismatch]" time="0.361" /><testcase classname="tests.test_terminal_checkpoint_v2" name="test_v2_semantic_corruption_fails_closed[&lt;lambda&gt;-source schema mismatch]" time="0.363" /><testcase classname="tests.test_terminal_checkpoint_v2" name="test_v2_semantic_corruption_fails_closed[&lt;lambda&gt;-source schema version mismatch]" time="0.362" /><testcase classname="tests.test_terminal_checkpoint_v2" name="test_v2_semantic_corruption_fails_closed[&lt;lambda&gt;-dtype mismatch]" time="0.426" /><testcase classname="tests.test_terminal_checkpoint_v2" name="test_v2_semantic_corruption_fails_closed[&lt;lambda&gt;-non-finite|nonfinite]" time="0.376" /><testcase classname="tests.test_canonical_status_consistency" name="test_canonical_documents_share_current_full_horizon_outcomes" time="0.001" /><testcase classname="tests.test_canonical_status_consistency" name="test_previous_bridge_and_s1_claims_are_historical_or_superseded" time="0.001" /><testcase classname="tests.test_canonical_status_consistency" name="test_historical_s1_documents_have_superseded_or_qualification_banners" time="0.000" /><testcase classname="tests.test_canonical_status_consistency" name="test_contract_file_contains_the_computed_identity_hashes" time="0.016" /><testcase classname="tests.test_canonical_status_consistency" name="test_old_evidence_package_anchors_are_immutable" time="0.001" /></testsuite></testsuites>