<?xml version="1.0" encoding="utf-8"?><testsuites><testsuite name="pytest" errors="0" failures="0" skipped="0" tests="43" time="15.861" timestamp="2026-08-15T12:25:05.958196" hostname="huan-c4140-server-3"><testcase classname="tests.test_g2_shared_column" name="test_g2_state_has_exactly_three_fixed_banks" time="0.000" /><testcase classname="tests.test_g2_shared_column" name="test_oldest_current_mixed_terms_retire_and_current_rotates" time="0.002" /><testcase classname="tests.test_g2_shared_column" name="test_rejected_rotation_preserves_state_object_and_fingerprint" time="0.001" /><testcase classname="tests.test_g2_shared_column" name="test_real_dense_consumer_rotates_two_generations_with_six_variables" time="2.186" /><testcase classname="tests.test_g2_shared_column" name="test_g2_retained_and_fresh_payloads_are_not_double_counted" time="0.675" /><testcase classname="tests.test_g2_shared_column" name="test_g2_checkpoint_v4_resume_is_canonical_equal" time="2.287" /><testcase classname="tests.test_g2_shared_column" name="test_rejected_retry_does_not_mutate_full_g2_prestate" time="0.759" /><testcase classname="tests.test_g2_shared_column" name="test_independent_exact_oracle_uses_no_project_core" time="1.548" /><testcase classname="tests.test_g2_shared_column" name="test_real_dense_phase_timing_ledger_is_exposed" time="0.287" /><testcase classname="tests.test_bounded_source_ledger" name="test_affine_lift_exact_fraction_containment_asymmetric" time="0.001" /><testcase classname="tests.test_bounded_source_ledger" name="test_affine_source_survives_two_linear_consumers_exactly" time="0.002" /><testcase classname="tests.test_bounded_source_ledger" name="test_shared_source_cancellation_and_legacy_rebox_excess" time="0.002" /><testcase classname="tests.test_bounded_source_ledger" name="test_x_squared_y_uses_one_source_and_merges_paths" time="0.002" /><testcase classname="tests.test_bounded_source_ledger" name="test_ordinary_structured_products_and_asymmetric_remainder_contain_corners" time="0.002" /><testcase classname="tests.test_bounded_source_ledger" name="test_degree4_truncation_integration_and_cutoff_have_distinct_owners" time="0.018" /><testcase classname="tests.test_bounded_source_ledger" name="test_duplicate_exponent_merge_and_tau_substitution" time="0.001" /><testcase classname="tests.test_bounded_source_ledger" name="test_source_retire_collapse_contains_exact_polynomial_range" time="0.002" /><testcase classname="tests.test_bounded_source_ledger" name="test_retry_is_atomic_and_state_hash_unchanged" time="0.000" /><testcase classname="tests.test_bounded_source_ledger" name="test_batch_lift_permutation_equivariance[1]" time="0.001" /><testcase classname="tests.test_bounded_source_ledger" name="test_batch_lift_permutation_equivariance[8]" time="0.001" /><testcase classname="tests.test_bounded_source_ledger" name="test_batch_lift_permutation_equivariance[64]" time="0.001" /><testcase classname="tests.test_bounded_source_ledger" name="test_cpu_cuda_lift_decision_parity" time="0.258" /><testcase classname="tests.test_bounded_source_ledger" name="test_actual_dense_picard_consumes_shared_source" time="0.037" /><testcase classname="tests.test_bounded_source_ledger" name="test_payload_tamper_changes_consumer_but_metadata_tamper_does_not" time="0.001" /><testcase classname="tests.test_bounded_source_ledger" name="test_exact_decimal_initialization_is_consumed_by_dense_picard" time="0.005" /><testcase classname="tests.test_bounded_source_ledger" name="test_production_bridge_source_payload_is_next_actual_picard_input" time="0.733" /><testcase classname="tests.test_bounded_source_ledger" name="test_bounded_source_terminal_checkpoint_v3_roundtrip" time="0.211" /><testcase classname="tests.test_terminal_checkpoint_v2" name="test_active_s1_uses_v2_and_roundtrips_every_tensor_bit_exactly" time="1.395" /><testcase classname="tests.test_terminal_checkpoint_v2" name="test_v2_semantic_corruption_fails_closed[&lt;lambda&gt;-missing its required S1]" time="0.376" /><testcase classname="tests.test_terminal_checkpoint_v2" name="test_v2_semantic_corruption_fails_closed[&lt;lambda&gt;-field is missing: j_hi]" time="0.375" /><testcase classname="tests.test_terminal_checkpoint_v2" name="test_v2_semantic_corruption_fails_closed[&lt;lambda&gt;-K mismatch]" time="0.376" /><testcase classname="tests.test_terminal_checkpoint_v2" name="test_v2_semantic_corruption_fails_closed[&lt;lambda&gt;-source schema mismatch]" time="0.378" /><testcase classname="tests.test_terminal_checkpoint_v2" name="test_v2_semantic_corruption_fails_closed[&lt;lambda&gt;-source schema version mismatch]" time="0.374" /><testcase classname="tests.test_terminal_checkpoint_v2" name="test_v2_semantic_corruption_fails_closed[&lt;lambda&gt;-dtype mismatch]" time="0.380" /><testcase classname="tests.test_terminal_checkpoint_v2" name="test_v2_semantic_corruption_fails_closed[&lt;lambda&gt;-non-finite|nonfinite]" time="0.377" /><testcase classname="tests.test_batched_dense_runner_contract" name="test_runner_loads_unmodified_authoritative_contract" time="0.021" /><testcase classname="tests.test_batched_dense_runner_contract" name="test_dense_runner_writes_fail_closed_parseable_outputs" time="0.252" /><testcase classname="tests.test_batched_dense_runner_contract" name="test_dense_runner_fixed_schedule_has_exact_binary64_trace" time="0.246" /><testcase classname="tests.test_batched_dense_runner_contract" name="test_dense_runner_exact_decimal_annotation_is_opt_in" time="0.370" /><testcase classname="tests.test_batched_dense_runner_contract" name="test_runner_refuses_nonempty_output_directory" time="0.020" /><testcase classname="tests.test_batched_dense_runner_contract" name="test_runner_labels_exactly_one_noncanonical_factor" time="0.254" /><testcase classname="tests.test_vdp_g2_evidence_contract" name="test_compact_g2_evidence_recomputes_to_fail_closed_decisions" time="0.120" /><testcase classname="tests.test_vdp_g2_evidence_contract" name="test_verifier_classifies_all_preregistered_outcomes_without_observed_label_assumption" time="0.001" /></testsuite></testsuites>