<?xml version="1.0" encoding="utf-8"?><testsuites name="pytest tests"><testsuite name="pytest" errors="0" failures="0" skipped="2" tests="86" time="70.155" timestamp="2026-08-26T09:12:59.589684+00:00" hostname="huan-c4140-server-3"><testcase classname="tests.unit.test_sparse_support" name="test_make_support_canonicalizes_and_caches" time="0.003" /><testcase classname="tests.unit.test_sparse_support" name="test_make_support_rejects_out_of_range_ids" time="0.001" /><testcase classname="tests.unit.test_sparse_support" name="test_full_support_covers_prefix" time="0.001" /><testcase classname="tests.unit.test_sparse_support" name="test_extract_support_with_and_without_base" time="0.002" /><testcase classname="tests.unit.test_sparse_support" name="test_pair_tables_match_bruteforce_exponent_sums[0-False]" time="0.002" /><testcase classname="tests.unit.test_sparse_support" name="test_pair_tables_match_bruteforce_exponent_sums[0-True]" time="0.001" /><testcase classname="tests.unit.test_sparse_support" name="test_pair_tables_match_bruteforce_exponent_sums[1-False]" time="0.002" /><testcase classname="tests.unit.test_sparse_support" name="test_pair_tables_match_bruteforce_exponent_sums[1-True]" time="0.001" /><testcase classname="tests.unit.test_sparse_support" name="test_pair_tables_match_bruteforce_exponent_sums[2-False]" time="0.002" /><testcase classname="tests.unit.test_sparse_support" name="test_pair_tables_match_bruteforce_exponent_sums[2-True]" time="0.001" /><testcase classname="tests.unit.test_sparse_support" name="test_pair_tables_in_segment_order_matches_dense" time="0.002" /><testcase classname="tests.unit.test_sparse_support" name="test_pair_tables_rejects_bad_inputs" time="0.001" /><testcase classname="tests.unit.test_sparse_support" name="test_union_subset_maps_bruteforce" time="0.001" /><testcase classname="tests.unit.test_sparse_support" name="test_integrate_maps_bruteforce_and_guard" time="0.001" /><testcase classname="tests.unit.test_sparse_support" name="test_eval_time_maps_bruteforce_and_collisions" time="0.001" /><testcase classname="tests.unit.test_sparse_support" name="test_spatial_full_id_reinterpretation_roundtrip" time="0.001" /><testcase classname="tests.unit.test_sparse_support" name="test_mul_point_sparse_bitwise_vs_dense_cpu" time="0.003" /><testcase classname="tests.unit.test_sparse_support" name="test_mul_iv_sparse_tighter_and_sound_vs_fraction" time="0.009" /><testcase classname="tests.unit.test_sparse_support" name="test_range_and_truncation_twins_cpu_bitwise" time="0.002" /><testcase classname="tests.unit.test_sparse_support" name="test_cutoff_twins_cpu" time="0.003" /><testcase classname="tests.unit.test_sparse_support" name="test_spatial_twins_cpu" time="0.002" /><testcase classname="tests.unit.test_sparse_support" name="test_integrate_and_eval_time_twins_cpu_bitwise" time="0.002" /><testcase classname="tests.unit.test_sparse_support" name="test_embed_and_add_aligned" time="0.002" /><testcase classname="tests.unit.test_sparse_support" name="test_mul_twins_cuda_ulp_contract" time="0.436" /><testcase classname="tests.unit.test_sparse_support" name="test_engine_caches_return_same_objects" time="0.002" /><testcase classname="tests.unit.test_sparse_exec" name="test_generic_valid_series_bitwise_pin[False-1]" time="0.026" /><testcase classname="tests.unit.test_sparse_exec" name="test_generic_valid_series_bitwise_pin[False-3]" time="0.069" /><testcase classname="tests.unit.test_sparse_exec" name="test_generic_valid_series_bitwise_pin[False-5]" time="0.465" /><testcase classname="tests.unit.test_sparse_exec" name="test_generic_valid_series_bitwise_pin[True-1]" time="0.024" /><testcase classname="tests.unit.test_sparse_exec" name="test_generic_valid_series_bitwise_pin[True-3]" time="0.079" /><testcase classname="tests.unit.test_sparse_exec" name="test_generic_valid_series_bitwise_pin[True-5]" time="0.471" /><testcase classname="tests.unit.test_sparse_exec" name="test_generic_point_series_bitwise_pin[1]" time="0.002" /><testcase classname="tests.unit.test_sparse_exec" name="test_generic_point_series_bitwise_pin[3]" time="0.005" /><testcase classname="tests.unit.test_sparse_exec" name="test_generic_point_series_bitwise_pin[5]" time="0.041" /><testcase classname="tests.unit.test_sparse_exec" name="test_specialize_supports_are_supersets[poly_mulpow]" time="0.020" /><testcase classname="tests.unit.test_sparse_exec" name="test_specialize_supports_are_supersets[pow_2_3_5_8]" time="0.027" /><testcase classname="tests.unit.test_sparse_exec" name="test_specialize_supports_are_supersets[trig]" time="0.016" /><testcase classname="tests.unit.test_sparse_exec" name="test_specialize_supports_are_supersets[exp_log_sqrt]" time="0.016" /><testcase classname="tests.unit.test_sparse_exec" name="test_specialize_supports_are_supersets[div]" time="0.013" /><testcase classname="tests.unit.test_sparse_exec" name="test_specialize_supports_are_supersets[iv_const]" time="0.005" /><testcase classname="tests.unit.test_sparse_exec" name="test_specialize_supports_are_supersets[neg_add_sub_3c]" time="0.007" /><testcase classname="tests.unit.test_sparse_exec" name="test_specialize_supports_are_supersets[k1_quadlike]" time="0.007" /><testcase classname="tests.unit.test_sparse_exec" name="test_specialize_supports_are_supersets[pow_zero]" time="0.004" /><testcase classname="tests.unit.test_sparse_exec" name="test_exec_sparse_vs_dense_differential[poly_mulpow]" time="0.022" /><testcase classname="tests.unit.test_sparse_exec" name="test_exec_sparse_vs_dense_differential[pow_2_3_5_8]" time="0.038" /><testcase classname="tests.unit.test_sparse_exec" name="test_exec_sparse_vs_dense_differential[trig]" time="0.022" /><testcase classname="tests.unit.test_sparse_exec" name="test_exec_sparse_vs_dense_differential[exp_log_sqrt]" time="0.024" /><testcase classname="tests.unit.test_sparse_exec" name="test_exec_sparse_vs_dense_differential[div]" time="0.021" /><testcase classname="tests.unit.test_sparse_exec" name="test_exec_sparse_vs_dense_differential[iv_const]" time="0.006" /><testcase classname="tests.unit.test_sparse_exec" name="test_exec_sparse_vs_dense_differential[neg_add_sub_3c]" time="0.009" /><testcase classname="tests.unit.test_sparse_exec" name="test_exec_sparse_vs_dense_differential[k1_quadlike]" time="0.011" /><testcase classname="tests.unit.test_sparse_exec" name="test_exec_sparse_vs_dense_differential[pow_zero]" time="0.004" /><testcase classname="tests.unit.test_sparse_exec" name="test_exec_var_support_strict_subset_of_union" time="0.002" /><testcase classname="tests.unit.test_sparse_exec" name="test_spec_and_table_caches_hit" time="0.002" /><testcase classname="tests.unit.test_sparse_exec" name="test_compose_sparse_handles_unclosed_support" time="0.006" /><testcase classname="tests.unit.test_sparse_exec" name="test_compose_sparse_vs_dense[0]" time="0.017" /><testcase classname="tests.unit.test_sparse_exec" name="test_compose_sparse_vs_dense[1]" time="0.016" /><testcase classname="tests.unit.test_sparse_exec" name="test_compose_sparse_pure_constant_branch" time="0.001" /><testcase classname="tests.unit.test_sparse_exec" name="test_advance_sparse_vs_dense[parity-nosr-vanderpol]" time="0.149" /><testcase classname="tests.unit.test_sparse_exec" name="test_advance_sparse_vs_dense[parity-nosr-sin_pend]" time="0.157" /><testcase classname="tests.unit.test_sparse_exec" name="test_advance_sparse_vs_dense[parity-sr-vanderpol]" time="0.141" /><testcase classname="tests.unit.test_sparse_exec" name="test_advance_sparse_vs_dense[parity-sr-sin_pend]" time="0.158" /><testcase classname="tests.unit.test_sparse_exec" name="test_advance_sparse_vs_dense[strict-nosr-vanderpol]" time="0.149" /><testcase classname="tests.unit.test_sparse_exec" name="test_advance_sparse_vs_dense[strict-nosr-sin_pend]" time="0.173" /><testcase classname="tests.unit.test_sparse_exec" name="test_advance_sparse_vs_dense[strict-sr-vanderpol]" time="0.159" /><testcase classname="tests.unit.test_sparse_exec" name="test_advance_sparse_vs_dense[strict-sr-sin_pend]" time="0.185" /><testcase classname="tests.unit.test_sparse_exec" name="test_advance_sparse_crosses_sr_queue_resets_like_dense" time="0.488" /><testcase classname="tests.unit.test_sparse_exec" name="test_advance_sparse_freezes_failed_lanes_like_dense" time="0.011" /><testcase classname="tests.unit.test_sparse_exec" name="test_prune_state_preserves_values_and_shrinks" time="0.002" /><testcase classname="tests.unit.test_sparse_exec" name="test_exec_valid_var_truncation_tail_nonzero" time="0.003" /><testcase classname="tests.unit.test_sparse_exec" name="test_sparse_ops_cuda_dispatch_smoke" time="0.005" /><testcase classname="tests.unit.test_sparse_exec" name="test_exec_valid_var_no_tail_when_low_degree" time="0.001" /><testcase classname="tests.unit.test_sparse_exec" name="test_advance_sparse_div_rhs_bad_channel_plumbed" time="0.020" /><testcase classname="tests.unit.test_sparse_exec" name="test_advance_sparse_cuda_smoke_matches_cpu" time="55.055" /><testcase classname="tests.unit.test_sparse_exec" name="test_refine_graph_hit_path_bitwise_equals_eager[cpu]" time="0.674"><skipped type="pytest.skip" message="graph paths are CUDA-only">/srv/local/shengenli/flowstar-gpu-proof-closure-20260826/tests/unit/test_sparse_exec.py:717: graph paths are CUDA-only</skipped></testcase><testcase classname="tests.unit.test_sparse_exec" name="test_compiled_glue_matches_eager_glue[cpu]" time="0.001"><skipped type="pytest.skip" message="compiled glue is CUDA-only">/srv/local/shengenli/flowstar-gpu-proof-closure-20260826/tests/unit/test_sparse_exec.py:768: compiled glue is CUDA-only</skipped></testcase><testcase classname="tests.unit.test_sparse_exec" name="test_refine_graph_hit_path_bitwise_equals_eager[cuda]" time="0.098" /><testcase classname="tests.unit.test_sparse_exec" name="test_compiled_glue_matches_eager_glue[cuda]" time="6.060" /><testcase classname="tests.unit.test_sparse_exec" name="test_generic_sigmoidal_series_bitwise_pin[tanh-1]" time="0.010" /><testcase classname="tests.unit.test_sparse_exec" name="test_generic_sigmoidal_series_bitwise_pin[tanh-3]" time="0.023" /><testcase classname="tests.unit.test_sparse_exec" name="test_generic_sigmoidal_series_bitwise_pin[tanh-5]" time="0.084" /><testcase classname="tests.unit.test_sparse_exec" name="test_generic_sigmoidal_series_bitwise_pin[sigmoid-1]" time="0.013" /><testcase classname="tests.unit.test_sparse_exec" name="test_generic_sigmoidal_series_bitwise_pin[sigmoid-3]" time="0.027" /><testcase classname="tests.unit.test_sparse_exec" name="test_generic_sigmoidal_series_bitwise_pin[sigmoid-5]" time="0.086" /><testcase classname="tests.soundness.test_sparse_containment" name="test_sparse_mc_containment_zero_violations[vanderpol_nosr]" time="1.251" /><testcase classname="tests.soundness.test_sparse_containment" name="test_sparse_mc_containment_zero_violations[sin_pendulum_sr]" time="1.323" /></testsuite></testsuites>