<?xml version="1.0" encoding="utf-8"?><testsuites name="pytest tests"><testsuite name="pytest" errors="0" failures="0" skipped="1" tests="56" time="49.878" timestamp="2026-08-26T09:14:26.076836+00:00" hostname="huan-c4140-server-3"><testcase classname="tests.unit.test_cuda_kernels" name="test_seg_mul_iv_sound_vs_exact[0]" time="0.146" /><testcase classname="tests.unit.test_cuda_kernels" name="test_seg_mul_iv_sound_vs_exact[1]" time="0.005" /><testcase classname="tests.unit.test_cuda_kernels" name="test_seg_mul_iv_sound_vs_exact[2]" time="0.004" /><testcase classname="tests.unit.test_cuda_kernels" name="test_seg_mul_iv_sound_vs_exact[3]" time="0.003" /><testcase classname="tests.unit.test_cuda_kernels" name="test_seg_mul_iv_sound_vs_exact[4]" time="0.003" /><testcase classname="tests.unit.test_cuda_kernels" name="test_seg_dot_pt_iv_sound_vs_exact[False-0]" time="0.018" /><testcase classname="tests.unit.test_cuda_kernels" name="test_seg_dot_pt_iv_sound_vs_exact[False-1]" time="0.003" /><testcase classname="tests.unit.test_cuda_kernels" name="test_seg_dot_pt_iv_sound_vs_exact[False-2]" time="0.003" /><testcase classname="tests.unit.test_cuda_kernels" name="test_seg_dot_pt_iv_sound_vs_exact[False-3]" time="0.003" /><testcase classname="tests.unit.test_cuda_kernels" name="test_seg_dot_pt_iv_sound_vs_exact[False-4]" time="0.003" /><testcase classname="tests.unit.test_cuda_kernels" name="test_seg_dot_pt_iv_sound_vs_exact[True-0]" time="0.004" /><testcase classname="tests.unit.test_cuda_kernels" name="test_seg_dot_pt_iv_sound_vs_exact[True-1]" time="0.003" /><testcase classname="tests.unit.test_cuda_kernels" name="test_seg_dot_pt_iv_sound_vs_exact[True-2]" time="0.003" /><testcase classname="tests.unit.test_cuda_kernels" name="test_seg_dot_pt_iv_sound_vs_exact[True-3]" time="0.003" /><testcase classname="tests.unit.test_cuda_kernels" name="test_seg_dot_pt_iv_sound_vs_exact[True-4]" time="0.003" /><testcase classname="tests.unit.test_cuda_kernels" name="test_seg_mul_iv_sound_denormal_extremes" time="0.001" /><testcase classname="tests.unit.test_cuda_kernels" name="test_seg_mul_iv_tighter_than_ref[0]" time="0.144" /><testcase classname="tests.unit.test_cuda_kernels" name="test_seg_mul_iv_tighter_than_ref[1]" time="0.004" /><testcase classname="tests.unit.test_cuda_kernels" name="test_seg_mul_iv_tighter_than_ref[2]" time="0.003" /><testcase classname="tests.unit.test_cuda_kernels" name="test_seg_dot_pt_iv_tighter_than_ref[0]" time="0.003" /><testcase classname="tests.unit.test_cuda_kernels" name="test_seg_dot_pt_iv_tighter_than_ref[1]" time="0.003" /><testcase classname="tests.unit.test_cuda_kernels" name="test_seg_dot_pt_iv_tighter_than_ref[2]" time="0.003" /><testcase classname="tests.unit.test_cuda_kernels" name="test_bitwise_determinism_across_reruns_and_perturbation" time="0.029" /><testcase classname="tests.unit.test_cuda_kernels" name="test_batch_independence_all_kernels" time="0.004" /><testcase classname="tests.unit.test_cuda_kernels" name="test_empty_segments_are_positive_zero" time="0.012" /><testcase classname="tests.unit.test_cuda_kernels" name="test_seg_mul_pt_bitwise_matches_python_fma_loop" time="0.002" /><testcase classname="tests.unit.test_cuda_kernels" name="test_rejects_wrong_dtype" time="0.001" /><testcase classname="tests.unit.test_cuda_kernels" name="test_rejects_cpu_tensors_and_mismatched_pairs" time="0.001" /><testcase classname="tests.unit.test_cuda_kernels" name="test_noncontiguous_inputs_handled" time="0.001" /><testcase classname="tests.unit.test_cuda_kernels" name="test_iv_mul_elementwise_sound_and_tight[0]" time="0.006" /><testcase classname="tests.unit.test_cuda_kernels" name="test_iv_mul_elementwise_sound_and_tight[1]" time="0.005" /><testcase classname="tests.unit.test_cuda_kernels" name="test_iv_mul_elementwise_sound_and_tight[2]" time="0.005" /><testcase classname="tests.unit.test_cuda_kernels" name="test_iv_add_sub_neg_sound_vs_exact" time="0.004" /><testcase classname="tests.unit.test_cuda_kernels" name="test_iv_mul_point_and_reductions_sound_vs_exact" time="0.004" /><testcase classname="tests.unit.test_cuda_kernels" name="test_elementwise_determinism_and_reduction_batch_independence" time="0.013" /><testcase classname="tests.unit.test_cuda_kernels" name="test_interval_dispatch_sound_both_paths[True]" time="0.005" /><testcase classname="tests.unit.test_cuda_kernels" name="test_interval_dispatch_sound_both_paths[False]" time="0.005" /><testcase classname="tests.unit.test_cuda_kernels" name="test_interval_dispatch_broadcast_cases" time="0.223" /><testcase classname="tests.unit.test_cuda_kernels" name="test_interval_dispatch_nonlast_dim_falls_back" time="0.002" /><testcase classname="tests.unit.test_cuda_kernels" name="test_cuda_graph_capture_and_replay_bitwise" time="0.010" /><testcase classname="tests.unit.test_cuda_kernels" name="test_kernels_work_on_nondefault_device" time="0.001"><skipped type="pytest.skip" message="needs &gt;= 2 GPUs">/srv/local/shengenli/flowstar-gpu-proof-closure-20260826/tests/unit/test_cuda_kernels.py:645: needs &gt;= 2 GPUs</skipped></testcase><testcase classname="tests.adversarial.test_batch_invariance" name="test_solo_vs_batch_lane3_bitwise" time="9.577" /><testcase classname="tests.adversarial.test_batch_invariance" name="test_solo_vs_batch_lane3_bitwise_sr" time="8.949" /><testcase classname="tests.adversarial.test_batch_invariance" name="test_sr_actually_changes_numbers" time="0.001" /><testcase classname="tests.adversarial.test_batch_invariance" name="test_permutation_equivariance" time="6.940" /><testcase classname="tests.adversarial.test_batch_invariance" name="test_permutation_equivariance_sr" time="7.096" /><testcase classname="tests.adversarial.test_batch_invariance" name="test_fail_box_fails_solo" time="0.181" /><testcase classname="tests.adversarial.test_batch_invariance" name="test_frozen_lane_isolation" time="4.006" /><testcase classname="tests.adversarial.test_batch_invariance" name="test_frozen_lane_isolation_sr" time="4.101" /><testcase classname="tests.adversarial.test_batch_invariance" name="test_safety_verdicts_lane_stable" time="4.155" /><testcase classname="tests.adversarial.test_batch_invariance" name="test_identical_twin_lanes_bitwise" time="2.094" /><testcase classname="tests.unit.test_safety" name="test_spatial_images_member_chunking_is_bitwise_neutral[cpu]" time="0.047" /><testcase classname="tests.unit.test_flowpipe" name="test_reach_mixed_fate_batch[cpu]" time="0.086" /><testcase classname="tests.unit.test_safety" name="test_spatial_images_member_chunking_is_bitwise_neutral[cuda]" time="0.138" /><testcase classname="tests.unit.test_flowpipe" name="test_reach_mixed_fate_batch[cuda]" time="0.176" /><testcase classname="tests.unit.test_sparse_exec" name="test_advance_sparse_div_rhs_bad_channel_plumbed" time="0.052" /></testsuite></testsuites>