<?xml version="1.0" encoding="utf-8"?><testsuites name="pytest tests"><testsuite name="pytest" errors="0" failures="0" skipped="0" tests="65" time="9.812" timestamp="2026-08-26T09:15:30.022076+00:00" hostname="huan-c4140-server-3"><testcase classname="tests.unit.test_flowpipe" name="test_initial_flowpipe_structure_and_midpoint_soundness[cpu]" time="0.843" /><testcase classname="tests.unit.test_flowpipe" name="test_advance_trivially_integrable_ode[cpu]" time="0.014" /><testcase classname="tests.unit.test_flowpipe" name="test_advance_contraction_failure_freezes_lane_permanently[cpu]" time="0.018" /><testcase classname="tests.unit.test_flowpipe" name="test_reach_step_count_and_last_step_clamp[cpu]" time="0.019" /><testcase classname="tests.unit.test_flowpipe" name="test_reach_mixed_fate_batch[cpu]" time="0.057" /><testcase classname="tests.unit.test_flowpipe" name="test_reach_all_lanes_failed_stops_early[cpu]" time="0.014" /><testcase classname="tests.unit.test_flowpipe" name="test_reach_symbolic_remainder_queue_cycles[cpu]" time="0.208" /><testcase classname="tests.unit.test_flowpipe" name="test_reach_sr_reset_lands_exactly_where_flowstar_resets[cpu]" time="0.883" /><testcase classname="tests.unit.test_flowpipe" name="test_reach_sr_runs_far_past_queue_capacity[cpu]" time="0.728" /><testcase classname="tests.unit.test_flowpipe" name="test_initial_flowpipe_structure_and_midpoint_soundness[cuda]" time="0.249" /><testcase classname="tests.unit.test_flowpipe" name="test_advance_trivially_integrable_ode[cuda]" time="0.275" /><testcase classname="tests.unit.test_flowpipe" name="test_advance_contraction_failure_freezes_lane_permanently[cuda]" time="0.038" /><testcase classname="tests.unit.test_flowpipe" name="test_reach_step_count_and_last_step_clamp[cuda]" time="0.042" /><testcase classname="tests.unit.test_flowpipe" name="test_reach_mixed_fate_batch[cuda]" time="0.101" /><testcase classname="tests.unit.test_flowpipe" name="test_reach_all_lanes_failed_stops_early[cuda]" time="0.025" /><testcase classname="tests.unit.test_flowpipe" name="test_reach_symbolic_remainder_queue_cycles[cuda]" time="0.368" /><testcase classname="tests.unit.test_flowpipe" name="test_reach_sr_reset_lands_exactly_where_flowstar_resets[cuda]" time="1.453" /><testcase classname="tests.unit.test_flowpipe" name="test_reach_sr_runs_far_past_queue_capacity[cuda]" time="1.271" /><testcase classname="tests.unit.test_flowpipe" name="test_reach_rejects_mismatched_box_dimensions" time="0.001" /><testcase classname="tests.unit.test_flowpipe" name="test_symbolic_remainder_rejects_nonpositive_queue" time="0.001" /><testcase classname="tests.unit.test_flowpipe" name="test_reset_if_full_below_capacity_is_a_noop" time="0.001" /><testcase classname="tests.unit.test_flowpipe" name="test_reset_if_full_at_capacity_clears_queue_and_scalars" time="0.001" /><testcase classname="tests.unit.test_tape_kernels" name="test_device_transcendental_sound_vs_mpmath_and_matches_torch[sin]" time="0.115" /><testcase classname="tests.unit.test_tape_kernels" name="test_device_transcendental_sound_vs_mpmath_and_matches_torch[cos]" time="0.099" /><testcase classname="tests.unit.test_tape_kernels" name="test_device_transcendental_sound_vs_mpmath_and_matches_torch[exp]" time="0.015" /><testcase classname="tests.unit.test_tape_kernels" name="test_device_transcendental_sound_vs_mpmath_and_matches_torch[log]" time="0.015" /><testcase classname="tests.unit.test_tape_kernels" name="test_device_transcendental_sound_vs_mpmath_and_matches_torch[sqrt]" time="0.007" /><testcase classname="tests.unit.test_tape_kernels" name="test_refine_tape_matches_eager[False-poly]" time="0.028" /><testcase classname="tests.unit.test_tape_kernels" name="test_refine_tape_matches_eager[False-pow]" time="0.038" /><testcase classname="tests.unit.test_tape_kernels" name="test_refine_tape_matches_eager[False-trig]" time="0.062" /><testcase classname="tests.unit.test_tape_kernels" name="test_refine_tape_matches_eager[False-mixed]" time="0.130" /><testcase classname="tests.unit.test_tape_kernels" name="test_refine_tape_matches_eager[True-poly]" time="0.017" /><testcase classname="tests.unit.test_tape_kernels" name="test_refine_tape_matches_eager[True-pow]" time="0.027" /><testcase classname="tests.unit.test_tape_kernels" name="test_refine_tape_matches_eager[True-trig]" time="0.037" /><testcase classname="tests.unit.test_tape_kernels" name="test_refine_tape_matches_eager[True-mixed]" time="0.060" /><testcase classname="tests.unit.test_tape_kernels" name="test_refine_tape_bad_mid_refinement" time="0.129" /><testcase classname="tests.unit.test_tape_kernels" name="test_refine_tape_max_steps_honored_exactly" time="0.025" /><testcase classname="tests.unit.test_tape_kernels" name="test_refine_tape_one_iteration_sound_vs_exact_rationals" time="0.007" /><testcase classname="tests.unit.test_tape_kernels" name="test_refine_tape_determinism_and_batch_independence" time="0.044" /><testcase classname="tests.unit.test_tape_kernels" name="test_serialize_rejects_oversized_tapes" time="0.001" /><testcase classname="tests.unit.test_coverage_edges" name="test_refine_graph_cap_exit_and_diagnostics_ring" time="0.041" /><testcase classname="tests.soundness.test_strict_proof_contract" name="test_symbolic_phi_exact_oracle_all_queue_boundaries_and_reset[1]" time="0.003" /><testcase classname="tests.soundness.test_strict_proof_contract" name="test_symbolic_phi_exact_oracle_all_queue_boundaries_and_reset[2]" time="0.004" /><testcase classname="tests.soundness.test_strict_proof_contract" name="test_symbolic_phi_exact_oracle_all_queue_boundaries_and_reset[3]" time="0.004" /><testcase classname="tests.soundness.test_strict_proof_contract" name="test_symbolic_phi_minimal_pre_repair_witness_is_closed_in_strict" time="0.002" /><testcase classname="tests.soundness.test_strict_proof_contract" name="test_spatial_point_product_is_unchanged_and_roundoff_is_enclosed" time="0.002" /><testcase classname="tests.soundness.test_strict_proof_contract" name="test_dense_and_sparse_retained_coefficients_enclose_exact_rationals" time="0.007" /><testcase classname="tests.soundness.test_strict_proof_contract" name="test_endpoint_point_coefficients_stay_bitwise_and_error_is_charged" time="0.002" /><testcase classname="tests.soundness.test_strict_proof_contract" name="test_no_ftz_startup_rejects_simulated_flush" time="0.001" /><testcase classname="tests.soundness.test_strict_proof_contract" name="test_nonfinite_intervals_are_never_finite_certificates" time="0.001" /><testcase classname="tests.soundness.test_strict_proof_contract" name="test_overflow_lane_fails_before_any_certificate_is_emitted" time="0.008" /><testcase classname="tests.soundness.test_strict_proof_contract" name="test_refinement_trace_owns_partial_commit_and_detects_stale_cache" time="0.002" /><testcase classname="tests.soundness.test_strict_proof_contract" name="test_initial_self_map_failure_performs_zero_replay" time="0.001" /><testcase classname="tests.soundness.test_strict_proof_contract" name="test_refinement_first_component_failure_leaves_all_components_untouched" time="0.001" /><testcase classname="tests.soundness.test_strict_proof_contract" name="test_refinement_nonfinite_proposal_fails_and_preserves_finite_owner" time="0.001" /><testcase classname="tests.soundness.test_strict_proof_contract" name="test_refinement_asymmetric_and_subnormal_proposals_commit[accepted0-proposal0]" time="0.001" /><testcase classname="tests.soundness.test_strict_proof_contract" name="test_refinement_asymmetric_and_subnormal_proposals_commit[accepted1-proposal1]" time="0.001" /><testcase classname="tests.soundness.test_strict_proof_contract" name="test_refinement_zero_width_ratio_is_finite_and_does_not_commit" time="0.001" /><testcase classname="tests.soundness.test_strict_proof_contract" name="test_refinement_stop_ratio_boundary_is_recorded[below]" time="0.002" /><testcase classname="tests.soundness.test_strict_proof_contract" name="test_refinement_stop_ratio_boundary_is_recorded[equal]" time="0.002" /><testcase classname="tests.soundness.test_strict_proof_contract" name="test_refinement_stop_ratio_boundary_is_recorded[above]" time="0.002" /><testcase classname="tests.soundness.test_strict_proof_contract" name="test_refinement_trace_is_bitwise_observational_at_iteration_boundaries[0]" time="0.001" /><testcase classname="tests.soundness.test_strict_proof_contract" name="test_refinement_trace_is_bitwise_observational_at_iteration_boundaries[1]" time="0.002" /><testcase classname="tests.soundness.test_strict_proof_contract" name="test_refinement_trace_is_bitwise_observational_at_iteration_boundaries[490]" time="0.394" /><testcase classname="tests.soundness.test_strict_proof_contract" name="test_refinement_trace_is_bitwise_observational_at_iteration_boundaries[491]" time="0.379" /></testsuite></testsuites>