<?xml version="1.0" encoding="utf-8"?><testsuites name="pytest tests"><testsuite name="pytest" errors="0" failures="0" skipped="0" tests="49" time="5.454" timestamp="2026-08-26T09:15:53.289246+00:00" hostname="huan-c4140-server-3"><testcase classname="tests.unit.test_composition" name="test_schedule_parent_dag_invariants[2-3]" time="0.004" /><testcase classname="tests.unit.test_composition" name="test_schedule_parent_dag_invariants[3-5]" time="0.004" /><testcase classname="tests.unit.test_composition" name="test_schedule_var_image_and_levels_partition[2-3]" time="0.001" /><testcase classname="tests.unit.test_composition" name="test_schedule_var_image_and_levels_partition[3-5]" time="0.001" /><testcase classname="tests.unit.test_composition" name="test_compose_identity_map_is_lossless[cpu]" time="0.677" /><testcase classname="tests.unit.test_composition" name="test_compose_rejects_nonzero_constant_slot[cpu]" time="0.002" /><testcase classname="tests.unit.test_composition" name="test_compose_hand_case_matches_sympy_substitution[cpu]" time="0.029" /><testcase classname="tests.unit.test_composition" name="test_compose_remainder_soundness_by_member_sampling[cpu]" time="0.063" /><testcase classname="tests.unit.test_composition" name="test_spatial_ctrunc_noop_and_spatial_embedding[cpu]" time="0.001" /><testcase classname="tests.unit.test_composition" name="test_compose_strict_remainder_is_superset_of_parity[cpu]" time="0.007" /><testcase classname="tests.unit.test_composition" name="test_compose_identity_map_is_lossless[cuda]" time="0.506" /><testcase classname="tests.unit.test_composition" name="test_compose_rejects_nonzero_constant_slot[cuda]" time="0.002" /><testcase classname="tests.unit.test_composition" name="test_compose_hand_case_matches_sympy_substitution[cuda]" time="0.007" /><testcase classname="tests.unit.test_composition" name="test_compose_remainder_soundness_by_member_sampling[cuda]" time="0.065" /><testcase classname="tests.unit.test_composition" name="test_spatial_ctrunc_noop_and_spatial_embedding[cuda]" time="0.026" /><testcase classname="tests.unit.test_composition" name="test_compose_strict_remainder_is_superset_of_parity[cuda]" time="0.046" /><testcase classname="tests.unit.test_sparse_exec" name="test_advance_sparse_vs_dense[parity-nosr-vanderpol]" time="0.168" /><testcase classname="tests.unit.test_sparse_exec" name="test_advance_sparse_vs_dense[parity-nosr-sin_pend]" time="0.165" /><testcase classname="tests.unit.test_sparse_exec" name="test_advance_sparse_vs_dense[parity-sr-vanderpol]" time="0.139" /><testcase classname="tests.unit.test_sparse_exec" name="test_advance_sparse_vs_dense[parity-sr-sin_pend]" time="0.162" /><testcase classname="tests.unit.test_sparse_exec" name="test_advance_sparse_vs_dense[strict-nosr-vanderpol]" time="0.153" /><testcase classname="tests.unit.test_sparse_exec" name="test_advance_sparse_vs_dense[strict-nosr-sin_pend]" time="0.180" /><testcase classname="tests.unit.test_sparse_exec" name="test_advance_sparse_vs_dense[strict-sr-vanderpol]" time="0.164" /><testcase classname="tests.unit.test_sparse_exec" name="test_advance_sparse_vs_dense[strict-sr-sin_pend]" time="0.188" /><testcase classname="tests.unit.test_sparse_exec" name="test_advance_sparse_crosses_sr_queue_resets_like_dense" time="0.483" /><testcase classname="tests.soundness.test_strict_proof_contract" name="test_symbolic_phi_exact_oracle_all_queue_boundaries_and_reset[1]" time="0.003" /><testcase classname="tests.soundness.test_strict_proof_contract" name="test_symbolic_phi_exact_oracle_all_queue_boundaries_and_reset[2]" time="0.003" /><testcase classname="tests.soundness.test_strict_proof_contract" name="test_symbolic_phi_exact_oracle_all_queue_boundaries_and_reset[3]" time="0.004" /><testcase classname="tests.soundness.test_strict_proof_contract" name="test_symbolic_phi_minimal_pre_repair_witness_is_closed_in_strict" time="0.002" /><testcase classname="tests.soundness.test_strict_proof_contract" name="test_spatial_point_product_is_unchanged_and_roundoff_is_enclosed" time="0.002" /><testcase classname="tests.soundness.test_strict_proof_contract" name="test_dense_and_sparse_retained_coefficients_enclose_exact_rationals" time="0.006" /><testcase classname="tests.soundness.test_strict_proof_contract" name="test_endpoint_point_coefficients_stay_bitwise_and_error_is_charged" time="0.002" /><testcase classname="tests.soundness.test_strict_proof_contract" name="test_no_ftz_startup_rejects_simulated_flush" time="0.001" /><testcase classname="tests.soundness.test_strict_proof_contract" name="test_nonfinite_intervals_are_never_finite_certificates" time="0.001" /><testcase classname="tests.soundness.test_strict_proof_contract" name="test_overflow_lane_fails_before_any_certificate_is_emitted" time="0.007" /><testcase classname="tests.soundness.test_strict_proof_contract" name="test_refinement_trace_owns_partial_commit_and_detects_stale_cache" time="0.002" /><testcase classname="tests.soundness.test_strict_proof_contract" name="test_initial_self_map_failure_performs_zero_replay" time="0.001" /><testcase classname="tests.soundness.test_strict_proof_contract" name="test_refinement_first_component_failure_leaves_all_components_untouched" time="0.001" /><testcase classname="tests.soundness.test_strict_proof_contract" name="test_refinement_nonfinite_proposal_fails_and_preserves_finite_owner" time="0.001" /><testcase classname="tests.soundness.test_strict_proof_contract" name="test_refinement_asymmetric_and_subnormal_proposals_commit[accepted0-proposal0]" time="0.001" /><testcase classname="tests.soundness.test_strict_proof_contract" name="test_refinement_asymmetric_and_subnormal_proposals_commit[accepted1-proposal1]" time="0.001" /><testcase classname="tests.soundness.test_strict_proof_contract" name="test_refinement_zero_width_ratio_is_finite_and_does_not_commit" time="0.001" /><testcase classname="tests.soundness.test_strict_proof_contract" name="test_refinement_stop_ratio_boundary_is_recorded[below]" time="0.001" /><testcase classname="tests.soundness.test_strict_proof_contract" name="test_refinement_stop_ratio_boundary_is_recorded[equal]" time="0.001" /><testcase classname="tests.soundness.test_strict_proof_contract" name="test_refinement_stop_ratio_boundary_is_recorded[above]" time="0.001" /><testcase classname="tests.soundness.test_strict_proof_contract" name="test_refinement_trace_is_bitwise_observational_at_iteration_boundaries[0]" time="0.001" /><testcase classname="tests.soundness.test_strict_proof_contract" name="test_refinement_trace_is_bitwise_observational_at_iteration_boundaries[1]" time="0.002" /><testcase classname="tests.soundness.test_strict_proof_contract" name="test_refinement_trace_is_bitwise_observational_at_iteration_boundaries[490]" time="0.364" /><testcase classname="tests.soundness.test_strict_proof_contract" name="test_refinement_trace_is_bitwise_observational_at_iteration_boundaries[491]" time="0.354" /></testsuite></testsuites>